<?xml version="1.0" encoding="UTF-8"?>
<testsuite name="jpabook.jpashop.service.OrderServiceTest" tests="3" skipped="0" failures="0" errors="0" timestamp="2023-07-07T04:56:10" hostname="leehobinui-MacBookPro.local" time="0.157">
  <properties/>
  <testcase name="재고수량초과주문()" classname="jpabook.jpashop.service.OrderServiceTest" time="0.122"/>
  <testcase name="상품주문()" classname="jpabook.jpashop.service.OrderServiceTest" time="0.022"/>
  <testcase name="주문취소()" classname="jpabook.jpashop.service.OrderServiceTest" time="0.012"/>
  <system-out><![CDATA[13:56:09.049 [Test worker] DEBUG org.springframework.test.context.BootstrapUtils - Instantiating CacheAwareContextLoaderDelegate from class [org.springframework.test.context.cache.DefaultCacheAwareContextLoaderDelegate]
13:56:09.054 [Test worker] DEBUG org.springframework.test.context.BootstrapUtils - Instantiating BootstrapContext using constructor [public org.springframework.test.context.support.DefaultBootstrapContext(java.lang.Class,org.springframework.test.context.CacheAwareContextLoaderDelegate)]
13:56:09.068 [Test worker] DEBUG org.springframework.test.context.BootstrapUtils - Instantiating TestContextBootstrapper for test class [jpabook.jpashop.service.OrderServiceTest] from class [org.springframework.boot.test.context.SpringBootTestContextBootstrapper]
13:56:09.073 [Test worker] INFO org.springframework.boot.test.context.SpringBootTestContextBootstrapper - Neither @ContextConfiguration nor @ContextHierarchy found for test class [jpabook.jpashop.service.OrderServiceTest], using SpringBootContextLoader
13:56:09.074 [Test worker] DEBUG org.springframework.test.context.support.AbstractContextLoader - Did not detect default resource location for test class [jpabook.jpashop.service.OrderServiceTest]: class path resource [jpabook/jpashop/service/OrderServiceTest-context.xml] does not exist
13:56:09.075 [Test worker] DEBUG org.springframework.test.context.support.AbstractContextLoader - Did not detect default resource location for test class [jpabook.jpashop.service.OrderServiceTest]: class path resource [jpabook/jpashop/service/OrderServiceTestContext.groovy] does not exist
13:56:09.075 [Test worker] INFO org.springframework.test.context.support.AbstractContextLoader - Could not detect default resource locations for test class [jpabook.jpashop.service.OrderServiceTest]: no resource found for suffixes {-context.xml, Context.groovy}.
13:56:09.075 [Test worker] INFO org.springframework.test.context.support.AnnotationConfigContextLoaderUtils - Could not detect default configuration classes for test class [jpabook.jpashop.service.OrderServiceTest]: OrderServiceTest does not declare any static, non-private, non-final, nested classes annotated with @Configuration.
13:56:09.092 [Test worker] DEBUG org.springframework.test.context.support.ActiveProfilesUtils - Could not find an 'annotation declaring class' for annotation type [org.springframework.test.context.ActiveProfiles] and class [jpabook.jpashop.service.OrderServiceTest]
13:56:09.123 [Test worker] DEBUG org.springframework.context.annotation.ClassPathScanningCandidateComponentProvider - Identified candidate component class: file [/Users/leehobin/Documents/GitHub/springJpaStudy1/build/classes/java/main/jpabook/jpashop/JpashopApplication.class]
13:56:09.124 [Test worker] INFO org.springframework.boot.test.context.SpringBootTestContextBootstrapper - Found @SpringBootConfiguration jpabook.jpashop.JpashopApplication for test class jpabook.jpashop.service.OrderServiceTest
13:56:09.156 [Test worker] DEBUG org.springframework.boot.test.context.SpringBootTestContextBootstrapper - @TestExecutionListeners is not present for class [jpabook.jpashop.service.OrderServiceTest]: using defaults.
13:56:09.157 [Test worker] INFO org.springframework.boot.test.context.SpringBootTestContextBootstrapper - Loaded default TestExecutionListener class names from location [META-INF/spring.factories]: [org.springframework.boot.test.autoconfigure.restdocs.RestDocsTestExecutionListener, org.springframework.boot.test.autoconfigure.web.client.MockRestServiceServerResetTestExecutionListener, org.springframework.boot.test.autoconfigure.web.servlet.MockMvcPrintOnlyOnFailureTestExecutionListener, org.springframework.boot.test.autoconfigure.web.servlet.WebDriverTestExecutionListener, org.springframework.boot.test.autoconfigure.webservices.client.MockWebServiceServerTestExecutionListener, org.springframework.boot.test.mock.mockito.MockitoTestExecutionListener, org.springframework.boot.test.mock.mockito.ResetMocksTestExecutionListener, org.springframework.test.context.web.ServletTestExecutionListener, org.springframework.test.context.support.DirtiesContextBeforeModesTestExecutionListener, org.springframework.test.context.event.ApplicationEventsTestExecutionListener, org.springframework.test.context.support.DependencyInjectionTestExecutionListener, org.springframework.test.context.support.DirtiesContextTestExecutionListener, org.springframework.test.context.transaction.TransactionalTestExecutionListener, org.springframework.test.context.jdbc.SqlScriptsTestExecutionListener, org.springframework.test.context.event.EventPublishingTestExecutionListener]
13:56:09.164 [Test worker] INFO org.springframework.boot.test.context.SpringBootTestContextBootstrapper - Using TestExecutionListeners: [org.springframework.test.context.web.ServletTestExecutionListener@7e38a7fe, org.springframework.test.context.support.DirtiesContextBeforeModesTestExecutionListener@366ef90e, org.springframework.test.context.event.ApplicationEventsTestExecutionListener@33e01298, org.springframework.boot.test.mock.mockito.MockitoTestExecutionListener@31e75d13, org.springframework.boot.test.autoconfigure.SpringBootDependencyInjectionTestExecutionListener@a5b0b86, org.springframework.test.context.support.DirtiesContextTestExecutionListener@4b3c354a, org.springframework.test.context.transaction.TransactionalTestExecutionListener@78fb9a67, org.springframework.test.context.jdbc.SqlScriptsTestExecutionListener@73ff4fae, org.springframework.test.context.event.EventPublishingTestExecutionListener@21aa6d6c, org.springframework.boot.test.autoconfigure.restdocs.RestDocsTestExecutionListener@b968a76, org.springframework.boot.test.autoconfigure.web.client.MockRestServiceServerResetTestExecutionListener@2f9a01c1, org.springframework.boot.test.autoconfigure.web.servlet.MockMvcPrintOnlyOnFailureTestExecutionListener@2611b9a3, org.springframework.boot.test.autoconfigure.web.servlet.WebDriverTestExecutionListener@54227100, org.springframework.boot.test.autoconfigure.webservices.client.MockWebServiceServerTestExecutionListener@6b5894c8, org.springframework.boot.test.mock.mockito.ResetMocksTestExecutionListener@1433046b]
13:56:09.166 [Test worker] DEBUG org.springframework.test.context.support.AbstractDirtiesContextTestExecutionListener - Before test class: context [DefaultTestContext@62fad19 testClass = OrderServiceTest, testInstance = [null], testMethod = [null], testException = [null], mergedContextConfiguration = [WebMergedContextConfiguration@47dbb1e2 testClass = OrderServiceTest, locations = '{}', classes = '{class jpabook.jpashop.JpashopApplication}', contextInitializerClasses = '[]', activeProfiles = '{}', propertySourceLocations = '{}', propertySourceProperties = '{org.springframework.boot.test.context.SpringBootTestContextBootstrapper=true}', contextCustomizers = set[org.springframework.boot.test.autoconfigure.actuate.metrics.MetricsExportContextCustomizerFactory$DisableMetricExportContextCustomizer@1869fbd2, org.springframework.boot.test.autoconfigure.properties.PropertyMappingContextCustomizer@0, org.springframework.boot.test.autoconfigure.web.servlet.WebDriverContextCustomizerFactory$Customizer@6ccdb29f, org.springframework.boot.test.context.filter.ExcludeFilterContextCustomizer@265adfad, org.springframework.boot.test.json.DuplicateJsonObjectContextCustomizerFactory$DuplicateJsonObjectContextCustomizer@5d066c7d, org.springframework.boot.test.mock.mockito.MockitoContextCustomizer@0, org.springframework.boot.test.web.client.TestRestTemplateContextCustomizer@4c1f22f3, org.springframework.boot.test.context.SpringBootTestArgs@1, org.springframework.boot.test.context.SpringBootTestWebEnvironment@2f54a33d], resourceBasePath = 'src/main/webapp', contextLoader = 'org.springframework.boot.test.context.SpringBootContextLoader', parent = [null]], attributes = map['org.springframework.test.context.web.ServletTestExecutionListener.activateListener' -> true]], class annotated with @DirtiesContext [false] with mode [null].

  .   ____          _            __ _ _
 /\\ / ___'_ __ _ _(_)_ __  __ _ \ \ \ \
( ( )\___ | '_ | '_| | '_ \/ _` | \ \ \ \
 \\/  ___)| |_)| | | | | || (_| |  ) ) ) )
  '  |____| .__|_| |_|_| |_\__, | / / / /
 =========|_|==============|___/=/_/_/_/
 :: Spring Boot ::               (v2.7.13)

2023-07-07 13:56:09.305  INFO 1650 --- [    Test worker] j.jpashop.service.OrderServiceTest       : Starting OrderServiceTest using Java 17.0.6 on leehobinui-MacBookPro.local with PID 1650 (started by leehobin in /Users/leehobin/Documents/GitHub/springJpaStudy1)
2023-07-07 13:56:09.305  INFO 1650 --- [    Test worker] j.jpashop.service.OrderServiceTest       : No active profile set, falling back to 1 default profile: "default"
2023-07-07 13:56:09.576  INFO 1650 --- [    Test worker] .s.d.r.c.RepositoryConfigurationDelegate : Bootstrapping Spring Data JPA repositories in DEFAULT mode.
2023-07-07 13:56:09.583  INFO 1650 --- [    Test worker] .s.d.r.c.RepositoryConfigurationDelegate : Finished Spring Data repository scanning in 3 ms. Found 0 JPA repository interfaces.
2023-07-07 13:56:09.871  INFO 1650 --- [    Test worker] o.hibernate.jpa.internal.util.LogHelper  : HHH000204: Processing PersistenceUnitInfo [name: default]
2023-07-07 13:56:09.891  INFO 1650 --- [    Test worker] org.hibernate.Version                    : HHH000412: Hibernate ORM core version 5.6.15.Final
2023-07-07 13:56:09.958  INFO 1650 --- [    Test worker] o.hibernate.annotations.common.Version   : HCANN000001: Hibernate Commons Annotations {5.1.2.Final}
2023-07-07 13:56:09.994  INFO 1650 --- [    Test worker] com.zaxxer.hikari.HikariDataSource       : HikariPool-1 - Starting...
2023-07-07 13:56:10.170  INFO 1650 --- [    Test worker] com.zaxxer.hikari.HikariDataSource       : HikariPool-1 - Start completed.
2023-07-07 13:56:10.186  INFO 1650 --- [    Test worker] org.hibernate.dialect.Dialect            : HHH000400: Using dialect: org.hibernate.dialect.MySQL8Dialect
2023-07-07 13:56:10.535  INFO 1650 --- [    Test worker] p6spy                                    : #1688705770535 | took 2ms | statement | connection 1| url jdbc:mysql://localhost:3306/jpaShop?characterEncoding=UTF-8&serverTimezone=UTC
select * from `jpaShop`.`category` where 1=0
select * from `jpaShop`.`category` where 1=0;
2023-07-07 13:56:10.548  INFO 1650 --- [    Test worker] p6spy                                    : #1688705770548 | took 1ms | statement | connection 1| url jdbc:mysql://localhost:3306/jpaShop?characterEncoding=UTF-8&serverTimezone=UTC
select * from `jpaShop`.`category` where 1=0
select * from `jpaShop`.`category` where 1=0;
2023-07-07 13:56:10.551  INFO 1650 --- [    Test worker] p6spy                                    : #1688705770551 | took 0ms | statement | connection 1| url jdbc:mysql://localhost:3306/jpaShop?characterEncoding=UTF-8&serverTimezone=UTC
select * from `jpaShop`.`item` where 1=0
select * from `jpaShop`.`item` where 1=0;
2023-07-07 13:56:10.563  INFO 1650 --- [    Test worker] p6spy                                    : #1688705770563 | took 0ms | statement | connection 1| url jdbc:mysql://localhost:3306/jpaShop?characterEncoding=UTF-8&serverTimezone=UTC
select * from `jpaShop`.`item` where 1=0
select * from `jpaShop`.`item` where 1=0;
2023-07-07 13:56:10.566  INFO 1650 --- [    Test worker] p6spy                                    : #1688705770566 | took 0ms | statement | connection 1| url jdbc:mysql://localhost:3306/jpaShop?characterEncoding=UTF-8&serverTimezone=UTC
select * from `jpaShop`.`orders` where 1=0
select * from `jpaShop`.`orders` where 1=0;
2023-07-07 13:56:10.577  INFO 1650 --- [    Test worker] p6spy                                    : #1688705770577 | took 0ms | statement | connection 1| url jdbc:mysql://localhost:3306/jpaShop?characterEncoding=UTF-8&serverTimezone=UTC
select * from `jpaShop`.`delivery` where 1=0
select * from `jpaShop`.`delivery` where 1=0;
2023-07-07 13:56:10.580  INFO 1650 --- [    Test worker] p6spy                                    : #1688705770580 | took 0ms | statement | connection 1| url jdbc:mysql://localhost:3306/jpaShop?characterEncoding=UTF-8&serverTimezone=UTC
select * from `jpaShop`.`member` where 1=0
select * from `jpaShop`.`member` where 1=0;
2023-07-07 13:56:10.580  INFO 1650 --- [    Test worker] o.h.e.t.j.p.i.JtaPlatformInitiator       : HHH000490: Using JtaPlatform implementation: [org.hibernate.engine.transaction.jta.platform.internal.NoJtaPlatform]
2023-07-07 13:56:10.585  INFO 1650 --- [    Test worker] j.LocalContainerEntityManagerFactoryBean : Initialized JPA EntityManagerFactory for persistence unit 'default'
2023-07-07 13:56:10.702  WARN 1650 --- [    Test worker] JpaBaseConfiguration$JpaWebConfiguration : spring.jpa.open-in-view is enabled by default. Therefore, database queries may be performed during view rendering. Explicitly configure spring.jpa.open-in-view to disable this warning
2023-07-07 13:56:10.809  INFO 1650 --- [    Test worker] o.s.b.a.w.s.WelcomePageHandlerMapping    : Adding welcome page: class path resource [static/index.html]
2023-07-07 13:56:10.949  INFO 1650 --- [    Test worker] j.jpashop.service.OrderServiceTest       : Started OrderServiceTest in 1.766 seconds (JVM running for 2.211)
2023-07-07 13:56:10.985  INFO 1650 --- [    Test worker] o.s.t.c.transaction.TransactionContext   : Began transaction (1) for test context [DefaultTestContext@62fad19 testClass = OrderServiceTest, testInstance = jpabook.jpashop.service.OrderServiceTest@52a605c3, testMethod = 재고수량초과주문@OrderServiceTest, testException = [null], mergedContextConfiguration = [WebMergedContextConfiguration@47dbb1e2 testClass = OrderServiceTest, locations = '{}', classes = '{class jpabook.jpashop.JpashopApplication}', contextInitializerClasses = '[]', activeProfiles = '{}', propertySourceLocations = '{}', propertySourceProperties = '{org.springframework.boot.test.context.SpringBootTestContextBootstrapper=true}', contextCustomizers = set[org.springframework.boot.test.autoconfigure.actuate.metrics.MetricsExportContextCustomizerFactory$DisableMetricExportContextCustomizer@1869fbd2, org.springframework.boot.test.autoconfigure.properties.PropertyMappingContextCustomizer@0, org.springframework.boot.test.autoconfigure.web.servlet.WebDriverContextCustomizerFactory$Customizer@6ccdb29f, org.springframework.boot.test.context.filter.ExcludeFilterContextCustomizer@265adfad, org.springframework.boot.test.json.DuplicateJsonObjectContextCustomizerFactory$DuplicateJsonObjectContextCustomizer@5d066c7d, org.springframework.boot.test.mock.mockito.MockitoContextCustomizer@0, org.springframework.boot.test.web.client.TestRestTemplateContextCustomizer@4c1f22f3, org.springframework.boot.test.context.SpringBootTestArgs@1, org.springframework.boot.test.context.SpringBootTestWebEnvironment@2f54a33d], resourceBasePath = 'src/main/webapp', contextLoader = 'org.springframework.boot.test.context.SpringBootContextLoader', parent = [null]], attributes = map['org.springframework.test.context.web.ServletTestExecutionListener.activateListener' -> true, 'org.springframework.test.context.web.ServletTestExecutionListener.populatedRequestContextHolder' -> true, 'org.springframework.test.context.web.ServletTestExecutionListener.resetRequestContextHolder' -> true, 'org.springframework.test.context.event.ApplicationEventsTestExecutionListener.recordApplicationEvents' -> false]]; transaction manager [org.springframework.orm.jpa.JpaTransactionManager@337e573b]; rollback [true]
Hibernate: 
    insert 
    into
        member
        (city, street, zip_code, name) 
    values
        (?, ?, ?, ?)
2023-07-07 13:56:11.061 TRACE 1650 --- [    Test worker] o.h.type.descriptor.sql.BasicBinder      : binding parameter [1] as [VARCHAR] - [서울시]
2023-07-07 13:56:11.062 TRACE 1650 --- [    Test worker] o.h.type.descriptor.sql.BasicBinder      : binding parameter [2] as [VARCHAR] - [광진구]
2023-07-07 13:56:11.062 TRACE 1650 --- [    Test worker] o.h.type.descriptor.sql.BasicBinder      : binding parameter [3] as [VARCHAR] - [123-123]
2023-07-07 13:56:11.062 TRACE 1650 --- [    Test worker] o.h.type.descriptor.sql.BasicBinder      : binding parameter [4] as [VARCHAR] - [호빈]
2023-07-07 13:56:11.063  INFO 1650 --- [    Test worker] p6spy                                    : #1688705771063 | took 0ms | statement | connection 2| url jdbc:mysql://localhost:3306/jpaShop?characterEncoding=UTF-8&serverTimezone=UTC
insert into member (city, street, zip_code, name) values (?, ?, ?, ?)
insert into member (city, street, zip_code, name) values ('서울시', '광진구', '123-123', '호빈');
Hibernate: 
    insert 
    into
        item
        (name, price, stock_quantity, author, isbn, dtype) 
    values
        (?, ?, ?, ?, ?, 'B')
2023-07-07 13:56:11.065 TRACE 1650 --- [    Test worker] o.h.type.descriptor.sql.BasicBinder      : binding parameter [1] as [VARCHAR] - [시골 JPA]
2023-07-07 13:56:11.065 TRACE 1650 --- [    Test worker] o.h.type.descriptor.sql.BasicBinder      : binding parameter [2] as [INTEGER] - [10000]
2023-07-07 13:56:11.065 TRACE 1650 --- [    Test worker] o.h.type.descriptor.sql.BasicBinder      : binding parameter [3] as [INTEGER] - [10]
2023-07-07 13:56:11.066 TRACE 1650 --- [    Test worker] o.h.type.descriptor.sql.BasicBinder      : binding parameter [4] as [VARCHAR] - [null]
2023-07-07 13:56:11.066 TRACE 1650 --- [    Test worker] o.h.type.descriptor.sql.BasicBinder      : binding parameter [5] as [VARCHAR] - [null]
2023-07-07 13:56:11.066  INFO 1650 --- [    Test worker] p6spy                                    : #1688705771066 | took 0ms | statement | connection 2| url jdbc:mysql://localhost:3306/jpaShop?characterEncoding=UTF-8&serverTimezone=UTC
insert into item (name, price, stock_quantity, author, isbn, dtype) values (?, ?, ?, ?, ?, 'B')
insert into item (name, price, stock_quantity, author, isbn, dtype) values ('시골 JPA', 10000, 10, NULL, NULL, 'B');
2023-07-07 13:56:11.079  INFO 1650 --- [    Test worker] p6spy                                    : #1688705771079 | took 1ms | rollback | connection 2| url jdbc:mysql://localhost:3306/jpaShop?characterEncoding=UTF-8&serverTimezone=UTC

;
2023-07-07 13:56:11.081  INFO 1650 --- [    Test worker] o.s.t.c.transaction.TransactionContext   : Rolled back transaction for test: [DefaultTestContext@62fad19 testClass = OrderServiceTest, testInstance = jpabook.jpashop.service.OrderServiceTest@52a605c3, testMethod = 재고수량초과주문@OrderServiceTest, testException = [null], mergedContextConfiguration = [WebMergedContextConfiguration@47dbb1e2 testClass = OrderServiceTest, locations = '{}', classes = '{class jpabook.jpashop.JpashopApplication}', contextInitializerClasses = '[]', activeProfiles = '{}', propertySourceLocations = '{}', propertySourceProperties = '{org.springframework.boot.test.context.SpringBootTestContextBootstrapper=true}', contextCustomizers = set[org.springframework.boot.test.autoconfigure.actuate.metrics.MetricsExportContextCustomizerFactory$DisableMetricExportContextCustomizer@1869fbd2, org.springframework.boot.test.autoconfigure.properties.PropertyMappingContextCustomizer@0, org.springframework.boot.test.autoconfigure.web.servlet.WebDriverContextCustomizerFactory$Customizer@6ccdb29f, org.springframework.boot.test.context.filter.ExcludeFilterContextCustomizer@265adfad, org.springframework.boot.test.json.DuplicateJsonObjectContextCustomizerFactory$DuplicateJsonObjectContextCustomizer@5d066c7d, org.springframework.boot.test.mock.mockito.MockitoContextCustomizer@0, org.springframework.boot.test.web.client.TestRestTemplateContextCustomizer@4c1f22f3, org.springframework.boot.test.context.SpringBootTestArgs@1, org.springframework.boot.test.context.SpringBootTestWebEnvironment@2f54a33d], resourceBasePath = 'src/main/webapp', contextLoader = 'org.springframework.boot.test.context.SpringBootContextLoader', parent = [null]], attributes = map['org.springframework.test.context.web.ServletTestExecutionListener.activateListener' -> true, 'org.springframework.test.context.web.ServletTestExecutionListener.populatedRequestContextHolder' -> true, 'org.springframework.test.context.web.ServletTestExecutionListener.resetRequestContextHolder' -> true, 'org.springframework.test.context.event.ApplicationEventsTestExecutionListener.recordApplicationEvents' -> false]]
2023-07-07 13:56:11.085  INFO 1650 --- [    Test worker] o.s.t.c.transaction.TransactionContext   : Began transaction (1) for test context [DefaultTestContext@62fad19 testClass = OrderServiceTest, testInstance = jpabook.jpashop.service.OrderServiceTest@78a0d664, testMethod = 상품주문@OrderServiceTest, testException = [null], mergedContextConfiguration = [WebMergedContextConfiguration@47dbb1e2 testClass = OrderServiceTest, locations = '{}', classes = '{class jpabook.jpashop.JpashopApplication}', contextInitializerClasses = '[]', activeProfiles = '{}', propertySourceLocations = '{}', propertySourceProperties = '{org.springframework.boot.test.context.SpringBootTestContextBootstrapper=true}', contextCustomizers = set[org.springframework.boot.test.autoconfigure.actuate.metrics.MetricsExportContextCustomizerFactory$DisableMetricExportContextCustomizer@1869fbd2, org.springframework.boot.test.autoconfigure.properties.PropertyMappingContextCustomizer@0, org.springframework.boot.test.autoconfigure.web.servlet.WebDriverContextCustomizerFactory$Customizer@6ccdb29f, org.springframework.boot.test.context.filter.ExcludeFilterContextCustomizer@265adfad, org.springframework.boot.test.json.DuplicateJsonObjectContextCustomizerFactory$DuplicateJsonObjectContextCustomizer@5d066c7d, org.springframework.boot.test.mock.mockito.MockitoContextCustomizer@0, org.springframework.boot.test.web.client.TestRestTemplateContextCustomizer@4c1f22f3, org.springframework.boot.test.context.SpringBootTestArgs@1, org.springframework.boot.test.context.SpringBootTestWebEnvironment@2f54a33d], resourceBasePath = 'src/main/webapp', contextLoader = 'org.springframework.boot.test.context.SpringBootContextLoader', parent = [null]], attributes = map['org.springframework.test.context.web.ServletTestExecutionListener.activateListener' -> true, 'org.springframework.test.context.web.ServletTestExecutionListener.populatedRequestContextHolder' -> true, 'org.springframework.test.context.web.ServletTestExecutionListener.resetRequestContextHolder' -> true, 'org.springframework.test.context.event.ApplicationEventsTestExecutionListener.recordApplicationEvents' -> false]]; transaction manager [org.springframework.orm.jpa.JpaTransactionManager@337e573b]; rollback [true]
Hibernate: 
    insert 
    into
        member
        (city, street, zip_code, name) 
    values
        (?, ?, ?, ?)
2023-07-07 13:56:11.086 TRACE 1650 --- [    Test worker] o.h.type.descriptor.sql.BasicBinder      : binding parameter [1] as [VARCHAR] - [서울시]
2023-07-07 13:56:11.086 TRACE 1650 --- [    Test worker] o.h.type.descriptor.sql.BasicBinder      : binding parameter [2] as [VARCHAR] - [광진구]
2023-07-07 13:56:11.086 TRACE 1650 --- [    Test worker] o.h.type.descriptor.sql.BasicBinder      : binding parameter [3] as [VARCHAR] - [123-123]
2023-07-07 13:56:11.086 TRACE 1650 --- [    Test worker] o.h.type.descriptor.sql.BasicBinder      : binding parameter [4] as [VARCHAR] - [호빈]
2023-07-07 13:56:11.087  INFO 1650 --- [    Test worker] p6spy                                    : #1688705771087 | took 0ms | statement | connection 3| url jdbc:mysql://localhost:3306/jpaShop?characterEncoding=UTF-8&serverTimezone=UTC
insert into member (city, street, zip_code, name) values (?, ?, ?, ?)
insert into member (city, street, zip_code, name) values ('서울시', '광진구', '123-123', '호빈');
Hibernate: 
    insert 
    into
        item
        (name, price, stock_quantity, author, isbn, dtype) 
    values
        (?, ?, ?, ?, ?, 'B')
2023-07-07 13:56:11.088 TRACE 1650 --- [    Test worker] o.h.type.descriptor.sql.BasicBinder      : binding parameter [1] as [VARCHAR] - [시골 JPA]
2023-07-07 13:56:11.088 TRACE 1650 --- [    Test worker] o.h.type.descriptor.sql.BasicBinder      : binding parameter [2] as [INTEGER] - [10000]
2023-07-07 13:56:11.088 TRACE 1650 --- [    Test worker] o.h.type.descriptor.sql.BasicBinder      : binding parameter [3] as [INTEGER] - [10]
2023-07-07 13:56:11.088 TRACE 1650 --- [    Test worker] o.h.type.descriptor.sql.BasicBinder      : binding parameter [4] as [VARCHAR] - [null]
2023-07-07 13:56:11.088 TRACE 1650 --- [    Test worker] o.h.type.descriptor.sql.BasicBinder      : binding parameter [5] as [VARCHAR] - [null]
2023-07-07 13:56:11.089  INFO 1650 --- [    Test worker] p6spy                                    : #1688705771089 | took 1ms | statement | connection 3| url jdbc:mysql://localhost:3306/jpaShop?characterEncoding=UTF-8&serverTimezone=UTC
insert into item (name, price, stock_quantity, author, isbn, dtype) values (?, ?, ?, ?, ?, 'B')
insert into item (name, price, stock_quantity, author, isbn, dtype) values ('시골 JPA', 10000, 10, NULL, NULL, 'B');
Hibernate: 
    insert 
    into
        delivery
        (city, street, zip_code, status) 
    values
        (?, ?, ?, ?)
2023-07-07 13:56:11.095 TRACE 1650 --- [    Test worker] o.h.type.descriptor.sql.BasicBinder      : binding parameter [1] as [VARCHAR] - [서울시]
2023-07-07 13:56:11.095 TRACE 1650 --- [    Test worker] o.h.type.descriptor.sql.BasicBinder      : binding parameter [2] as [VARCHAR] - [광진구]
2023-07-07 13:56:11.095 TRACE 1650 --- [    Test worker] o.h.type.descriptor.sql.BasicBinder      : binding parameter [3] as [VARCHAR] - [123-123]
2023-07-07 13:56:11.095 TRACE 1650 --- [    Test worker] o.h.type.descriptor.sql.BasicBinder      : binding parameter [4] as [VARCHAR] - [null]
2023-07-07 13:56:11.096  INFO 1650 --- [    Test worker] p6spy                                    : #1688705771096 | took 0ms | statement | connection 3| url jdbc:mysql://localhost:3306/jpaShop?characterEncoding=UTF-8&serverTimezone=UTC
insert into delivery (city, street, zip_code, status) values (?, ?, ?, ?)
insert into delivery (city, street, zip_code, status) values ('서울시', '광진구', '123-123', NULL);
Hibernate: 
    insert 
    into
        orders
        (delivery_id, member_id, order_date, status) 
    values
        (?, ?, ?, ?)
2023-07-07 13:56:11.097 TRACE 1650 --- [    Test worker] o.h.type.descriptor.sql.BasicBinder      : binding parameter [1] as [BIGINT] - [7]
2023-07-07 13:56:11.097 TRACE 1650 --- [    Test worker] o.h.type.descriptor.sql.BasicBinder      : binding parameter [2] as [BIGINT] - [19]
2023-07-07 13:56:11.098 TRACE 1650 --- [    Test worker] o.h.type.descriptor.sql.BasicBinder      : binding parameter [3] as [TIMESTAMP] - [2023-07-07T13:56:11.093124]
2023-07-07 13:56:11.098 TRACE 1650 --- [    Test worker] o.h.type.descriptor.sql.BasicBinder      : binding parameter [4] as [VARCHAR] - [ORDER]
2023-07-07 13:56:11.101  INFO 1650 --- [    Test worker] p6spy                                    : #1688705771101 | took 1ms | statement | connection 3| url jdbc:mysql://localhost:3306/jpaShop?characterEncoding=UTF-8&serverTimezone=UTC
insert into orders (delivery_id, member_id, order_date, status) values (?, ?, ?, ?)
insert into orders (delivery_id, member_id, order_date, status) values (7, 19, '2023-07-07T13:56:11.093+0900', 'ORDER');
Hibernate: 
    insert 
    into
        order_item
        (count, item_id, order_id, order_price) 
    values
        (?, ?, ?, ?)
2023-07-07 13:56:11.102 TRACE 1650 --- [    Test worker] o.h.type.descriptor.sql.BasicBinder      : binding parameter [1] as [INTEGER] - [2]
2023-07-07 13:56:11.102 TRACE 1650 --- [    Test worker] o.h.type.descriptor.sql.BasicBinder      : binding parameter [2] as [BIGINT] - [10]
2023-07-07 13:56:11.102 TRACE 1650 --- [    Test worker] o.h.type.descriptor.sql.BasicBinder      : binding parameter [3] as [BIGINT] - [7]
2023-07-07 13:56:11.102 TRACE 1650 --- [    Test worker] o.h.type.descriptor.sql.BasicBinder      : binding parameter [4] as [INTEGER] - [10000]
2023-07-07 13:56:11.103  INFO 1650 --- [    Test worker] p6spy                                    : #1688705771103 | took 0ms | statement | connection 3| url jdbc:mysql://localhost:3306/jpaShop?characterEncoding=UTF-8&serverTimezone=UTC
insert into order_item (count, item_id, order_id, order_price) values (?, ?, ?, ?)
insert into order_item (count, item_id, order_id, order_price) values (2, 10, 7, 10000);
2023-07-07 13:56:11.105  INFO 1650 --- [    Test worker] p6spy                                    : #1688705771105 | took 0ms | rollback | connection 3| url jdbc:mysql://localhost:3306/jpaShop?characterEncoding=UTF-8&serverTimezone=UTC

;
2023-07-07 13:56:11.105  INFO 1650 --- [    Test worker] o.s.t.c.transaction.TransactionContext   : Rolled back transaction for test: [DefaultTestContext@62fad19 testClass = OrderServiceTest, testInstance = jpabook.jpashop.service.OrderServiceTest@78a0d664, testMethod = 상품주문@OrderServiceTest, testException = [null], mergedContextConfiguration = [WebMergedContextConfiguration@47dbb1e2 testClass = OrderServiceTest, locations = '{}', classes = '{class jpabook.jpashop.JpashopApplication}', contextInitializerClasses = '[]', activeProfiles = '{}', propertySourceLocations = '{}', propertySourceProperties = '{org.springframework.boot.test.context.SpringBootTestContextBootstrapper=true}', contextCustomizers = set[org.springframework.boot.test.autoconfigure.actuate.metrics.MetricsExportContextCustomizerFactory$DisableMetricExportContextCustomizer@1869fbd2, org.springframework.boot.test.autoconfigure.properties.PropertyMappingContextCustomizer@0, org.springframework.boot.test.autoconfigure.web.servlet.WebDriverContextCustomizerFactory$Customizer@6ccdb29f, org.springframework.boot.test.context.filter.ExcludeFilterContextCustomizer@265adfad, org.springframework.boot.test.json.DuplicateJsonObjectContextCustomizerFactory$DuplicateJsonObjectContextCustomizer@5d066c7d, org.springframework.boot.test.mock.mockito.MockitoContextCustomizer@0, org.springframework.boot.test.web.client.TestRestTemplateContextCustomizer@4c1f22f3, org.springframework.boot.test.context.SpringBootTestArgs@1, org.springframework.boot.test.context.SpringBootTestWebEnvironment@2f54a33d], resourceBasePath = 'src/main/webapp', contextLoader = 'org.springframework.boot.test.context.SpringBootContextLoader', parent = [null]], attributes = map['org.springframework.test.context.web.ServletTestExecutionListener.activateListener' -> true, 'org.springframework.test.context.web.ServletTestExecutionListener.populatedRequestContextHolder' -> true, 'org.springframework.test.context.web.ServletTestExecutionListener.resetRequestContextHolder' -> true, 'org.springframework.test.context.event.ApplicationEventsTestExecutionListener.recordApplicationEvents' -> false]]
2023-07-07 13:56:11.109  INFO 1650 --- [    Test worker] o.s.t.c.transaction.TransactionContext   : Began transaction (1) for test context [DefaultTestContext@62fad19 testClass = OrderServiceTest, testInstance = jpabook.jpashop.service.OrderServiceTest@5e3a5f0c, testMethod = 주문취소@OrderServiceTest, testException = [null], mergedContextConfiguration = [WebMergedContextConfiguration@47dbb1e2 testClass = OrderServiceTest, locations = '{}', classes = '{class jpabook.jpashop.JpashopApplication}', contextInitializerClasses = '[]', activeProfiles = '{}', propertySourceLocations = '{}', propertySourceProperties = '{org.springframework.boot.test.context.SpringBootTestContextBootstrapper=true}', contextCustomizers = set[org.springframework.boot.test.autoconfigure.actuate.metrics.MetricsExportContextCustomizerFactory$DisableMetricExportContextCustomizer@1869fbd2, org.springframework.boot.test.autoconfigure.properties.PropertyMappingContextCustomizer@0, org.springframework.boot.test.autoconfigure.web.servlet.WebDriverContextCustomizerFactory$Customizer@6ccdb29f, org.springframework.boot.test.context.filter.ExcludeFilterContextCustomizer@265adfad, org.springframework.boot.test.json.DuplicateJsonObjectContextCustomizerFactory$DuplicateJsonObjectContextCustomizer@5d066c7d, org.springframework.boot.test.mock.mockito.MockitoContextCustomizer@0, org.springframework.boot.test.web.client.TestRestTemplateContextCustomizer@4c1f22f3, org.springframework.boot.test.context.SpringBootTestArgs@1, org.springframework.boot.test.context.SpringBootTestWebEnvironment@2f54a33d], resourceBasePath = 'src/main/webapp', contextLoader = 'org.springframework.boot.test.context.SpringBootContextLoader', parent = [null]], attributes = map['org.springframework.test.context.web.ServletTestExecutionListener.activateListener' -> true, 'org.springframework.test.context.web.ServletTestExecutionListener.populatedRequestContextHolder' -> true, 'org.springframework.test.context.web.ServletTestExecutionListener.resetRequestContextHolder' -> true, 'org.springframework.test.context.event.ApplicationEventsTestExecutionListener.recordApplicationEvents' -> false]]; transaction manager [org.springframework.orm.jpa.JpaTransactionManager@337e573b]; rollback [true]
Hibernate: 
    insert 
    into
        member
        (city, street, zip_code, name) 
    values
        (?, ?, ?, ?)
2023-07-07 13:56:11.111 TRACE 1650 --- [    Test worker] o.h.type.descriptor.sql.BasicBinder      : binding parameter [1] as [VARCHAR] - [서울시]
2023-07-07 13:56:11.111 TRACE 1650 --- [    Test worker] o.h.type.descriptor.sql.BasicBinder      : binding parameter [2] as [VARCHAR] - [광진구]
2023-07-07 13:56:11.111 TRACE 1650 --- [    Test worker] o.h.type.descriptor.sql.BasicBinder      : binding parameter [3] as [VARCHAR] - [123-123]
2023-07-07 13:56:11.111 TRACE 1650 --- [    Test worker] o.h.type.descriptor.sql.BasicBinder      : binding parameter [4] as [VARCHAR] - [호빈]
2023-07-07 13:56:11.112  INFO 1650 --- [    Test worker] p6spy                                    : #1688705771112 | took 0ms | statement | connection 4| url jdbc:mysql://localhost:3306/jpaShop?characterEncoding=UTF-8&serverTimezone=UTC
insert into member (city, street, zip_code, name) values (?, ?, ?, ?)
insert into member (city, street, zip_code, name) values ('서울시', '광진구', '123-123', '호빈');
Hibernate: 
    insert 
    into
        item
        (name, price, stock_quantity, author, isbn, dtype) 
    values
        (?, ?, ?, ?, ?, 'B')
2023-07-07 13:56:11.112 TRACE 1650 --- [    Test worker] o.h.type.descriptor.sql.BasicBinder      : binding parameter [1] as [VARCHAR] - [시골 JPA]
2023-07-07 13:56:11.112 TRACE 1650 --- [    Test worker] o.h.type.descriptor.sql.BasicBinder      : binding parameter [2] as [INTEGER] - [10000]
2023-07-07 13:56:11.112 TRACE 1650 --- [    Test worker] o.h.type.descriptor.sql.BasicBinder      : binding parameter [3] as [INTEGER] - [10]
2023-07-07 13:56:11.112 TRACE 1650 --- [    Test worker] o.h.type.descriptor.sql.BasicBinder      : binding parameter [4] as [VARCHAR] - [null]
2023-07-07 13:56:11.112 TRACE 1650 --- [    Test worker] o.h.type.descriptor.sql.BasicBinder      : binding parameter [5] as [VARCHAR] - [null]
2023-07-07 13:56:11.113  INFO 1650 --- [    Test worker] p6spy                                    : #1688705771113 | took 0ms | statement | connection 4| url jdbc:mysql://localhost:3306/jpaShop?characterEncoding=UTF-8&serverTimezone=UTC
insert into item (name, price, stock_quantity, author, isbn, dtype) values (?, ?, ?, ?, ?, 'B')
insert into item (name, price, stock_quantity, author, isbn, dtype) values ('시골 JPA', 10000, 10, NULL, NULL, 'B');
Hibernate: 
    insert 
    into
        delivery
        (city, street, zip_code, status) 
    values
        (?, ?, ?, ?)
2023-07-07 13:56:11.113 TRACE 1650 --- [    Test worker] o.h.type.descriptor.sql.BasicBinder      : binding parameter [1] as [VARCHAR] - [서울시]
2023-07-07 13:56:11.114 TRACE 1650 --- [    Test worker] o.h.type.descriptor.sql.BasicBinder      : binding parameter [2] as [VARCHAR] - [광진구]
2023-07-07 13:56:11.114 TRACE 1650 --- [    Test worker] o.h.type.descriptor.sql.BasicBinder      : binding parameter [3] as [VARCHAR] - [123-123]
2023-07-07 13:56:11.114 TRACE 1650 --- [    Test worker] o.h.type.descriptor.sql.BasicBinder      : binding parameter [4] as [VARCHAR] - [null]
2023-07-07 13:56:11.114  INFO 1650 --- [    Test worker] p6spy                                    : #1688705771114 | took 0ms | statement | connection 4| url jdbc:mysql://localhost:3306/jpaShop?characterEncoding=UTF-8&serverTimezone=UTC
insert into delivery (city, street, zip_code, status) values (?, ?, ?, ?)
insert into delivery (city, street, zip_code, status) values ('서울시', '광진구', '123-123', NULL);
Hibernate: 
    insert 
    into
        orders
        (delivery_id, member_id, order_date, status) 
    values
        (?, ?, ?, ?)
2023-07-07 13:56:11.114 TRACE 1650 --- [    Test worker] o.h.type.descriptor.sql.BasicBinder      : binding parameter [1] as [BIGINT] - [8]
2023-07-07 13:56:11.114 TRACE 1650 --- [    Test worker] o.h.type.descriptor.sql.BasicBinder      : binding parameter [2] as [BIGINT] - [20]
2023-07-07 13:56:11.114 TRACE 1650 --- [    Test worker] o.h.type.descriptor.sql.BasicBinder      : binding parameter [3] as [TIMESTAMP] - [2023-07-07T13:56:11.113664]
2023-07-07 13:56:11.114 TRACE 1650 --- [    Test worker] o.h.type.descriptor.sql.BasicBinder      : binding parameter [4] as [VARCHAR] - [ORDER]
2023-07-07 13:56:11.115  INFO 1650 --- [    Test worker] p6spy                                    : #1688705771115 | took 0ms | statement | connection 4| url jdbc:mysql://localhost:3306/jpaShop?characterEncoding=UTF-8&serverTimezone=UTC
insert into orders (delivery_id, member_id, order_date, status) values (?, ?, ?, ?)
insert into orders (delivery_id, member_id, order_date, status) values (8, 20, '2023-07-07T13:56:11.113+0900', 'ORDER');
Hibernate: 
    insert 
    into
        order_item
        (count, item_id, order_id, order_price) 
    values
        (?, ?, ?, ?)
2023-07-07 13:56:11.116 TRACE 1650 --- [    Test worker] o.h.type.descriptor.sql.BasicBinder      : binding parameter [1] as [INTEGER] - [5]
2023-07-07 13:56:11.116 TRACE 1650 --- [    Test worker] o.h.type.descriptor.sql.BasicBinder      : binding parameter [2] as [BIGINT] - [11]
2023-07-07 13:56:11.116 TRACE 1650 --- [    Test worker] o.h.type.descriptor.sql.BasicBinder      : binding parameter [3] as [BIGINT] - [8]
2023-07-07 13:56:11.116 TRACE 1650 --- [    Test worker] o.h.type.descriptor.sql.BasicBinder      : binding parameter [4] as [INTEGER] - [10000]
2023-07-07 13:56:11.116  INFO 1650 --- [    Test worker] p6spy                                    : #1688705771116 | took 0ms | statement | connection 4| url jdbc:mysql://localhost:3306/jpaShop?characterEncoding=UTF-8&serverTimezone=UTC
insert into order_item (count, item_id, order_id, order_price) values (?, ?, ?, ?)
insert into order_item (count, item_id, order_id, order_price) values (5, 11, 8, 10000);
2023-07-07 13:56:11.117  INFO 1650 --- [    Test worker] p6spy                                    : #1688705771117 | took 0ms | rollback | connection 4| url jdbc:mysql://localhost:3306/jpaShop?characterEncoding=UTF-8&serverTimezone=UTC

;
2023-07-07 13:56:11.118  INFO 1650 --- [    Test worker] o.s.t.c.transaction.TransactionContext   : Rolled back transaction for test: [DefaultTestContext@62fad19 testClass = OrderServiceTest, testInstance = jpabook.jpashop.service.OrderServiceTest@5e3a5f0c, testMethod = 주문취소@OrderServiceTest, testException = [null], mergedContextConfiguration = [WebMergedContextConfiguration@47dbb1e2 testClass = OrderServiceTest, locations = '{}', classes = '{class jpabook.jpashop.JpashopApplication}', contextInitializerClasses = '[]', activeProfiles = '{}', propertySourceLocations = '{}', propertySourceProperties = '{org.springframework.boot.test.context.SpringBootTestContextBootstrapper=true}', contextCustomizers = set[org.springframework.boot.test.autoconfigure.actuate.metrics.MetricsExportContextCustomizerFactory$DisableMetricExportContextCustomizer@1869fbd2, org.springframework.boot.test.autoconfigure.properties.PropertyMappingContextCustomizer@0, org.springframework.boot.test.autoconfigure.web.servlet.WebDriverContextCustomizerFactory$Customizer@6ccdb29f, org.springframework.boot.test.context.filter.ExcludeFilterContextCustomizer@265adfad, org.springframework.boot.test.json.DuplicateJsonObjectContextCustomizerFactory$DuplicateJsonObjectContextCustomizer@5d066c7d, org.springframework.boot.test.mock.mockito.MockitoContextCustomizer@0, org.springframework.boot.test.web.client.TestRestTemplateContextCustomizer@4c1f22f3, org.springframework.boot.test.context.SpringBootTestArgs@1, org.springframework.boot.test.context.SpringBootTestWebEnvironment@2f54a33d], resourceBasePath = 'src/main/webapp', contextLoader = 'org.springframework.boot.test.context.SpringBootContextLoader', parent = [null]], attributes = map['org.springframework.test.context.web.ServletTestExecutionListener.activateListener' -> true, 'org.springframework.test.context.web.ServletTestExecutionListener.populatedRequestContextHolder' -> true, 'org.springframework.test.context.web.ServletTestExecutionListener.resetRequestContextHolder' -> true, 'org.springframework.test.context.event.ApplicationEventsTestExecutionListener.recordApplicationEvents' -> false]]
]]></system-out>
  <system-err><![CDATA[]]></system-err>
</testsuite>
