<?xml version="1.0" encoding="UTF-8"?>
<testsuite name="jpabook.jpashop.service.MemberServiceTest" tests="2" skipped="0" failures="0" errors="0" timestamp="2023-07-06T06:02:39" hostname="leehobinui-MacBookPro.local" time="0.176">
  <properties/>
  <testcase name="중복확인()" classname="jpabook.jpashop.service.MemberServiceTest" time="0.167"/>
  <testcase name="회원가입()" classname="jpabook.jpashop.service.MemberServiceTest" time="0.008"/>
  <system-out><![CDATA[15:02:37.804 [Test worker] DEBUG org.springframework.test.context.BootstrapUtils - Instantiating CacheAwareContextLoaderDelegate from class [org.springframework.test.context.cache.DefaultCacheAwareContextLoaderDelegate]
15:02:37.808 [Test worker] DEBUG org.springframework.test.context.BootstrapUtils - Instantiating BootstrapContext using constructor [public org.springframework.test.context.support.DefaultBootstrapContext(java.lang.Class,org.springframework.test.context.CacheAwareContextLoaderDelegate)]
15:02:37.822 [Test worker] DEBUG org.springframework.test.context.BootstrapUtils - Instantiating TestContextBootstrapper for test class [jpabook.jpashop.service.MemberServiceTest] from class [org.springframework.boot.test.context.SpringBootTestContextBootstrapper]
15:02:37.828 [Test worker] INFO org.springframework.boot.test.context.SpringBootTestContextBootstrapper - Neither @ContextConfiguration nor @ContextHierarchy found for test class [jpabook.jpashop.service.MemberServiceTest], using SpringBootContextLoader
15:02:37.829 [Test worker] DEBUG org.springframework.test.context.support.AbstractContextLoader - Did not detect default resource location for test class [jpabook.jpashop.service.MemberServiceTest]: class path resource [jpabook/jpashop/service/MemberServiceTest-context.xml] does not exist
15:02:37.829 [Test worker] DEBUG org.springframework.test.context.support.AbstractContextLoader - Did not detect default resource location for test class [jpabook.jpashop.service.MemberServiceTest]: class path resource [jpabook/jpashop/service/MemberServiceTestContext.groovy] does not exist
15:02:37.829 [Test worker] INFO org.springframework.test.context.support.AbstractContextLoader - Could not detect default resource locations for test class [jpabook.jpashop.service.MemberServiceTest]: no resource found for suffixes {-context.xml, Context.groovy}.
15:02:37.830 [Test worker] INFO org.springframework.test.context.support.AnnotationConfigContextLoaderUtils - Could not detect default configuration classes for test class [jpabook.jpashop.service.MemberServiceTest]: MemberServiceTest does not declare any static, non-private, non-final, nested classes annotated with @Configuration.
15:02:37.847 [Test worker] DEBUG org.springframework.test.context.support.ActiveProfilesUtils - Could not find an 'annotation declaring class' for annotation type [org.springframework.test.context.ActiveProfiles] and class [jpabook.jpashop.service.MemberServiceTest]
15:02:37.878 [Test worker] DEBUG org.springframework.context.annotation.ClassPathScanningCandidateComponentProvider - Identified candidate component class: file [/Users/leehobin/Documents/GitHub/springJpaStudy1/build/classes/java/main/jpabook/jpashop/JpashopApplication.class]
15:02:37.878 [Test worker] INFO org.springframework.boot.test.context.SpringBootTestContextBootstrapper - Found @SpringBootConfiguration jpabook.jpashop.JpashopApplication for test class jpabook.jpashop.service.MemberServiceTest
15:02:37.913 [Test worker] DEBUG org.springframework.boot.test.context.SpringBootTestContextBootstrapper - @TestExecutionListeners is not present for class [jpabook.jpashop.service.MemberServiceTest]: using defaults.
15:02:37.913 [Test worker] INFO org.springframework.boot.test.context.SpringBootTestContextBootstrapper - Loaded default TestExecutionListener class names from location [META-INF/spring.factories]: [org.springframework.boot.test.autoconfigure.restdocs.RestDocsTestExecutionListener, org.springframework.boot.test.autoconfigure.web.client.MockRestServiceServerResetTestExecutionListener, org.springframework.boot.test.autoconfigure.web.servlet.MockMvcPrintOnlyOnFailureTestExecutionListener, org.springframework.boot.test.autoconfigure.web.servlet.WebDriverTestExecutionListener, org.springframework.boot.test.autoconfigure.webservices.client.MockWebServiceServerTestExecutionListener, org.springframework.boot.test.mock.mockito.MockitoTestExecutionListener, org.springframework.boot.test.mock.mockito.ResetMocksTestExecutionListener, org.springframework.test.context.web.ServletTestExecutionListener, org.springframework.test.context.support.DirtiesContextBeforeModesTestExecutionListener, org.springframework.test.context.event.ApplicationEventsTestExecutionListener, org.springframework.test.context.support.DependencyInjectionTestExecutionListener, org.springframework.test.context.support.DirtiesContextTestExecutionListener, org.springframework.test.context.transaction.TransactionalTestExecutionListener, org.springframework.test.context.jdbc.SqlScriptsTestExecutionListener, org.springframework.test.context.event.EventPublishingTestExecutionListener]
15:02:37.921 [Test worker] INFO org.springframework.boot.test.context.SpringBootTestContextBootstrapper - Using TestExecutionListeners: [org.springframework.test.context.web.ServletTestExecutionListener@5ed731d0, org.springframework.test.context.support.DirtiesContextBeforeModesTestExecutionListener@3234f74e, org.springframework.test.context.event.ApplicationEventsTestExecutionListener@7bc10d84, org.springframework.boot.test.mock.mockito.MockitoTestExecutionListener@275fe372, org.springframework.boot.test.autoconfigure.SpringBootDependencyInjectionTestExecutionListener@40e10ff8, org.springframework.test.context.support.DirtiesContextTestExecutionListener@557a1e2d, org.springframework.test.context.transaction.TransactionalTestExecutionListener@26a4842b, org.springframework.test.context.jdbc.SqlScriptsTestExecutionListener@7e38a7fe, org.springframework.test.context.event.EventPublishingTestExecutionListener@366ef90e, org.springframework.boot.test.autoconfigure.restdocs.RestDocsTestExecutionListener@33e01298, org.springframework.boot.test.autoconfigure.web.client.MockRestServiceServerResetTestExecutionListener@31e75d13, org.springframework.boot.test.autoconfigure.web.servlet.MockMvcPrintOnlyOnFailureTestExecutionListener@a5b0b86, org.springframework.boot.test.autoconfigure.web.servlet.WebDriverTestExecutionListener@4b3c354a, org.springframework.boot.test.autoconfigure.webservices.client.MockWebServiceServerTestExecutionListener@78fb9a67, org.springframework.boot.test.mock.mockito.ResetMocksTestExecutionListener@73ff4fae]
15:02:37.923 [Test worker] DEBUG org.springframework.test.context.support.AbstractDirtiesContextTestExecutionListener - Before test class: context [DefaultTestContext@2dbf4cbd testClass = MemberServiceTest, testInstance = [null], testMethod = [null], testException = [null], mergedContextConfiguration = [WebMergedContextConfiguration@20b5f2ac testClass = MemberServiceTest, locations = '{}', classes = '{class jpabook.jpashop.JpashopApplication}', contextInitializerClasses = '[]', activeProfiles = '{}', propertySourceLocations = '{}', propertySourceProperties = '{org.springframework.boot.test.context.SpringBootTestContextBootstrapper=true}', contextCustomizers = set[org.springframework.boot.test.autoconfigure.actuate.metrics.MetricsExportContextCustomizerFactory$DisableMetricExportContextCustomizer@3daf7722, org.springframework.boot.test.autoconfigure.properties.PropertyMappingContextCustomizer@0, org.springframework.boot.test.autoconfigure.web.servlet.WebDriverContextCustomizerFactory$Customizer@a4add54, org.springframework.boot.test.context.filter.ExcludeFilterContextCustomizer@61fe30, org.springframework.boot.test.json.DuplicateJsonObjectContextCustomizerFactory$DuplicateJsonObjectContextCustomizer@7b420819, org.springframework.boot.test.mock.mockito.MockitoContextCustomizer@0, org.springframework.boot.test.web.client.TestRestTemplateContextCustomizer@54e7df6a, org.springframework.boot.test.context.SpringBootTestArgs@1, org.springframework.boot.test.context.SpringBootTestWebEnvironment@60015ef5], resourceBasePath = 'src/main/webapp', contextLoader = 'org.springframework.boot.test.context.SpringBootContextLoader', parent = [null]], attributes = map['org.springframework.test.context.web.ServletTestExecutionListener.activateListener' -> true]], class annotated with @DirtiesContext [false] with mode [null].

  .   ____          _            __ _ _
 /\\ / ___'_ __ _ _(_)_ __  __ _ \ \ \ \
( ( )\___ | '_ | '_| | '_ \/ _` | \ \ \ \
 \\/  ___)| |_)| | | | | || (_| |  ) ) ) )
  '  |____| .__|_| |_|_| |_\__, | / / / /
 =========|_|==============|___/=/_/_/_/
 :: Spring Boot ::               (v2.7.13)

2023-07-06 15:02:38.061  INFO 21130 --- [    Test worker] j.jpashop.service.MemberServiceTest      : Starting MemberServiceTest using Java 17.0.6 on leehobinui-MacBookPro.local with PID 21130 (started by leehobin in /Users/leehobin/Documents/GitHub/springJpaStudy1)
2023-07-06 15:02:38.062  INFO 21130 --- [    Test worker] j.jpashop.service.MemberServiceTest      : No active profile set, falling back to 1 default profile: "default"
2023-07-06 15:02:38.327  INFO 21130 --- [    Test worker] .s.d.r.c.RepositoryConfigurationDelegate : Bootstrapping Spring Data JPA repositories in DEFAULT mode.
2023-07-06 15:02:38.333  INFO 21130 --- [    Test worker] .s.d.r.c.RepositoryConfigurationDelegate : Finished Spring Data repository scanning in 3 ms. Found 0 JPA repository interfaces.
2023-07-06 15:02:38.645  INFO 21130 --- [    Test worker] o.hibernate.jpa.internal.util.LogHelper  : HHH000204: Processing PersistenceUnitInfo [name: default]
2023-07-06 15:02:38.676  INFO 21130 --- [    Test worker] org.hibernate.Version                    : HHH000412: Hibernate ORM core version 5.6.15.Final
2023-07-06 15:02:38.751  INFO 21130 --- [    Test worker] o.hibernate.annotations.common.Version   : HCANN000001: Hibernate Commons Annotations {5.1.2.Final}
2023-07-06 15:02:38.794  INFO 21130 --- [    Test worker] com.zaxxer.hikari.HikariDataSource       : HikariPool-1 - Starting...
2023-07-06 15:02:38.966  INFO 21130 --- [    Test worker] com.zaxxer.hikari.HikariDataSource       : HikariPool-1 - Start completed.
2023-07-06 15:02:38.982  INFO 21130 --- [    Test worker] org.hibernate.dialect.Dialect            : HHH000400: Using dialect: org.hibernate.dialect.MySQL8Dialect
2023-07-06 15:02:39.350  INFO 21130 --- [    Test worker] p6spy                                    : #1688623359350 | took 1ms | statement | connection 1| url jdbc:mysql://localhost:3306/jpaShop?characterEncoding=UTF-8&serverTimezone=UTC
select * from `jpaShop`.`category` where 1=0
select * from `jpaShop`.`category` where 1=0;
2023-07-06 15:02:39.361  INFO 21130 --- [    Test worker] p6spy                                    : #1688623359361 | took 0ms | statement | connection 1| url jdbc:mysql://localhost:3306/jpaShop?characterEncoding=UTF-8&serverTimezone=UTC
select * from `jpaShop`.`category` where 1=0
select * from `jpaShop`.`category` where 1=0;
2023-07-06 15:02:39.365  INFO 21130 --- [    Test worker] p6spy                                    : #1688623359365 | took 0ms | statement | connection 1| url jdbc:mysql://localhost:3306/jpaShop?characterEncoding=UTF-8&serverTimezone=UTC
select * from `jpaShop`.`item` where 1=0
select * from `jpaShop`.`item` where 1=0;
2023-07-06 15:02:39.374  INFO 21130 --- [    Test worker] p6spy                                    : #1688623359374 | took 0ms | statement | connection 1| url jdbc:mysql://localhost:3306/jpaShop?characterEncoding=UTF-8&serverTimezone=UTC
select * from `jpaShop`.`item` where 1=0
select * from `jpaShop`.`item` where 1=0;
2023-07-06 15:02:39.376  INFO 21130 --- [    Test worker] p6spy                                    : #1688623359376 | took 0ms | statement | connection 1| url jdbc:mysql://localhost:3306/jpaShop?characterEncoding=UTF-8&serverTimezone=UTC
select * from `jpaShop`.`orders` where 1=0
select * from `jpaShop`.`orders` where 1=0;
2023-07-06 15:02:39.385  INFO 21130 --- [    Test worker] p6spy                                    : #1688623359385 | took 0ms | statement | connection 1| url jdbc:mysql://localhost:3306/jpaShop?characterEncoding=UTF-8&serverTimezone=UTC
select * from `jpaShop`.`delivery` where 1=0
select * from `jpaShop`.`delivery` where 1=0;
2023-07-06 15:02:39.388  INFO 21130 --- [    Test worker] p6spy                                    : #1688623359388 | took 0ms | statement | connection 1| url jdbc:mysql://localhost:3306/jpaShop?characterEncoding=UTF-8&serverTimezone=UTC
select * from `jpaShop`.`member` where 1=0
select * from `jpaShop`.`member` where 1=0;
2023-07-06 15:02:39.388  INFO 21130 --- [    Test worker] o.h.e.t.j.p.i.JtaPlatformInitiator       : HHH000490: Using JtaPlatform implementation: [org.hibernate.engine.transaction.jta.platform.internal.NoJtaPlatform]
2023-07-06 15:02:39.394  INFO 21130 --- [    Test worker] j.LocalContainerEntityManagerFactoryBean : Initialized JPA EntityManagerFactory for persistence unit 'default'
2023-07-06 15:02:39.511  WARN 21130 --- [    Test worker] JpaBaseConfiguration$JpaWebConfiguration : spring.jpa.open-in-view is enabled by default. Therefore, database queries may be performed during view rendering. Explicitly configure spring.jpa.open-in-view to disable this warning
2023-07-06 15:02:39.632  INFO 21130 --- [    Test worker] o.s.b.a.w.s.WelcomePageHandlerMapping    : Adding welcome page: class path resource [static/index.html]
2023-07-06 15:02:39.777  INFO 21130 --- [    Test worker] j.jpashop.service.MemberServiceTest      : Started MemberServiceTest in 1.838 seconds (JVM running for 2.312)
2023-07-06 15:02:39.811  INFO 21130 --- [    Test worker] o.s.t.c.transaction.TransactionContext   : Began transaction (1) for test context [DefaultTestContext@2dbf4cbd testClass = MemberServiceTest, testInstance = jpabook.jpashop.service.MemberServiceTest@6bbac73d, testMethod = 중복확인@MemberServiceTest, testException = [null], mergedContextConfiguration = [WebMergedContextConfiguration@20b5f2ac testClass = MemberServiceTest, locations = '{}', classes = '{class jpabook.jpashop.JpashopApplication}', contextInitializerClasses = '[]', activeProfiles = '{}', propertySourceLocations = '{}', propertySourceProperties = '{org.springframework.boot.test.context.SpringBootTestContextBootstrapper=true}', contextCustomizers = set[org.springframework.boot.test.autoconfigure.actuate.metrics.MetricsExportContextCustomizerFactory$DisableMetricExportContextCustomizer@3daf7722, org.springframework.boot.test.autoconfigure.properties.PropertyMappingContextCustomizer@0, org.springframework.boot.test.autoconfigure.web.servlet.WebDriverContextCustomizerFactory$Customizer@a4add54, org.springframework.boot.test.context.filter.ExcludeFilterContextCustomizer@61fe30, org.springframework.boot.test.json.DuplicateJsonObjectContextCustomizerFactory$DuplicateJsonObjectContextCustomizer@7b420819, org.springframework.boot.test.mock.mockito.MockitoContextCustomizer@0, org.springframework.boot.test.web.client.TestRestTemplateContextCustomizer@54e7df6a, org.springframework.boot.test.context.SpringBootTestArgs@1, org.springframework.boot.test.context.SpringBootTestWebEnvironment@60015ef5], resourceBasePath = 'src/main/webapp', contextLoader = 'org.springframework.boot.test.context.SpringBootContextLoader', parent = [null]], attributes = map['org.springframework.test.context.web.ServletTestExecutionListener.activateListener' -> true, 'org.springframework.test.context.web.ServletTestExecutionListener.populatedRequestContextHolder' -> true, 'org.springframework.test.context.web.ServletTestExecutionListener.resetRequestContextHolder' -> true, 'org.springframework.test.context.event.ApplicationEventsTestExecutionListener.recordApplicationEvents' -> false]]; transaction manager [org.springframework.orm.jpa.JpaTransactionManager@3677c508]; rollback [true]
Hibernate: 
    select
        member0_.member_id as member_i1_4_,
        member0_.city as city2_4_,
        member0_.street as street3_4_,
        member0_.zip_code as zip_code4_4_,
        member0_.name as name5_4_ 
    from
        member member0_ 
    where
        member0_.name=?
2023-07-06 15:02:39.922 TRACE 21130 --- [    Test worker] o.h.type.descriptor.sql.BasicBinder      : binding parameter [1] as [VARCHAR] - [lee]
2023-07-06 15:02:39.924  INFO 21130 --- [    Test worker] p6spy                                    : #1688623359924 | took 0ms | statement | connection 2| url jdbc:mysql://localhost:3306/jpaShop?characterEncoding=UTF-8&serverTimezone=UTC
select member0_.member_id as member_i1_4_, member0_.city as city2_4_, member0_.street as street3_4_, member0_.zip_code as zip_code4_4_, member0_.name as name5_4_ from member member0_ where member0_.name=?
select member0_.member_id as member_i1_4_, member0_.city as city2_4_, member0_.street as street3_4_, member0_.zip_code as zip_code4_4_, member0_.name as name5_4_ from member member0_ where member0_.name='lee';
Hibernate: 
    insert 
    into
        member
        (city, street, zip_code, name) 
    values
        (?, ?, ?, ?)
2023-07-06 15:02:39.936 TRACE 21130 --- [    Test worker] o.h.type.descriptor.sql.BasicBinder      : binding parameter [1] as [VARCHAR] - [null]
2023-07-06 15:02:39.936 TRACE 21130 --- [    Test worker] o.h.type.descriptor.sql.BasicBinder      : binding parameter [2] as [VARCHAR] - [null]
2023-07-06 15:02:39.936 TRACE 21130 --- [    Test worker] o.h.type.descriptor.sql.BasicBinder      : binding parameter [3] as [VARCHAR] - [null]
2023-07-06 15:02:39.937 TRACE 21130 --- [    Test worker] o.h.type.descriptor.sql.BasicBinder      : binding parameter [4] as [VARCHAR] - [lee]
2023-07-06 15:02:39.937  INFO 21130 --- [    Test worker] p6spy                                    : #1688623359937 | took 0ms | statement | connection 2| url jdbc:mysql://localhost:3306/jpaShop?characterEncoding=UTF-8&serverTimezone=UTC
insert into member (city, street, zip_code, name) values (?, ?, ?, ?)
insert into member (city, street, zip_code, name) values (NULL, NULL, NULL, 'lee');
Hibernate: 
    select
        member0_.member_id as member_i1_4_,
        member0_.city as city2_4_,
        member0_.street as street3_4_,
        member0_.zip_code as zip_code4_4_,
        member0_.name as name5_4_ 
    from
        member member0_ 
    where
        member0_.name=?
2023-07-06 15:02:39.944 TRACE 21130 --- [    Test worker] o.h.type.descriptor.sql.BasicBinder      : binding parameter [1] as [VARCHAR] - [lee]
2023-07-06 15:02:39.945  INFO 21130 --- [    Test worker] p6spy                                    : #1688623359945 | took 0ms | statement | connection 2| url jdbc:mysql://localhost:3306/jpaShop?characterEncoding=UTF-8&serverTimezone=UTC
select member0_.member_id as member_i1_4_, member0_.city as city2_4_, member0_.street as street3_4_, member0_.zip_code as zip_code4_4_, member0_.name as name5_4_ from member member0_ where member0_.name=?
select member0_.member_id as member_i1_4_, member0_.city as city2_4_, member0_.street as street3_4_, member0_.zip_code as zip_code4_4_, member0_.name as name5_4_ from member member0_ where member0_.name='lee';
2023-07-06 15:02:39.946 TRACE 21130 --- [    Test worker] o.h.type.descriptor.sql.BasicExtractor   : extracted value ([member_i1_4_] : [BIGINT]) - [8]
2023-07-06 15:02:39.949  INFO 21130 --- [    Test worker] p6spy                                    : #1688623359949 | took 0ms | rollback | connection 2| url jdbc:mysql://localhost:3306/jpaShop?characterEncoding=UTF-8&serverTimezone=UTC

;
2023-07-06 15:02:39.951  INFO 21130 --- [    Test worker] o.s.t.c.transaction.TransactionContext   : Rolled back transaction for test: [DefaultTestContext@2dbf4cbd testClass = MemberServiceTest, testInstance = jpabook.jpashop.service.MemberServiceTest@6bbac73d, testMethod = 중복확인@MemberServiceTest, testException = [null], mergedContextConfiguration = [WebMergedContextConfiguration@20b5f2ac testClass = MemberServiceTest, locations = '{}', classes = '{class jpabook.jpashop.JpashopApplication}', contextInitializerClasses = '[]', activeProfiles = '{}', propertySourceLocations = '{}', propertySourceProperties = '{org.springframework.boot.test.context.SpringBootTestContextBootstrapper=true}', contextCustomizers = set[org.springframework.boot.test.autoconfigure.actuate.metrics.MetricsExportContextCustomizerFactory$DisableMetricExportContextCustomizer@3daf7722, org.springframework.boot.test.autoconfigure.properties.PropertyMappingContextCustomizer@0, org.springframework.boot.test.autoconfigure.web.servlet.WebDriverContextCustomizerFactory$Customizer@a4add54, org.springframework.boot.test.context.filter.ExcludeFilterContextCustomizer@61fe30, org.springframework.boot.test.json.DuplicateJsonObjectContextCustomizerFactory$DuplicateJsonObjectContextCustomizer@7b420819, org.springframework.boot.test.mock.mockito.MockitoContextCustomizer@0, org.springframework.boot.test.web.client.TestRestTemplateContextCustomizer@54e7df6a, org.springframework.boot.test.context.SpringBootTestArgs@1, org.springframework.boot.test.context.SpringBootTestWebEnvironment@60015ef5], resourceBasePath = 'src/main/webapp', contextLoader = 'org.springframework.boot.test.context.SpringBootContextLoader', parent = [null]], attributes = map['org.springframework.test.context.web.ServletTestExecutionListener.activateListener' -> true, 'org.springframework.test.context.web.ServletTestExecutionListener.populatedRequestContextHolder' -> true, 'org.springframework.test.context.web.ServletTestExecutionListener.resetRequestContextHolder' -> true, 'org.springframework.test.context.event.ApplicationEventsTestExecutionListener.recordApplicationEvents' -> false]]
2023-07-06 15:02:39.955  INFO 21130 --- [    Test worker] o.s.t.c.transaction.TransactionContext   : Began transaction (1) for test context [DefaultTestContext@2dbf4cbd testClass = MemberServiceTest, testInstance = jpabook.jpashop.service.MemberServiceTest@6d3194ff, testMethod = 회원가입@MemberServiceTest, testException = [null], mergedContextConfiguration = [WebMergedContextConfiguration@20b5f2ac testClass = MemberServiceTest, locations = '{}', classes = '{class jpabook.jpashop.JpashopApplication}', contextInitializerClasses = '[]', activeProfiles = '{}', propertySourceLocations = '{}', propertySourceProperties = '{org.springframework.boot.test.context.SpringBootTestContextBootstrapper=true}', contextCustomizers = set[org.springframework.boot.test.autoconfigure.actuate.metrics.MetricsExportContextCustomizerFactory$DisableMetricExportContextCustomizer@3daf7722, org.springframework.boot.test.autoconfigure.properties.PropertyMappingContextCustomizer@0, org.springframework.boot.test.autoconfigure.web.servlet.WebDriverContextCustomizerFactory$Customizer@a4add54, org.springframework.boot.test.context.filter.ExcludeFilterContextCustomizer@61fe30, org.springframework.boot.test.json.DuplicateJsonObjectContextCustomizerFactory$DuplicateJsonObjectContextCustomizer@7b420819, org.springframework.boot.test.mock.mockito.MockitoContextCustomizer@0, org.springframework.boot.test.web.client.TestRestTemplateContextCustomizer@54e7df6a, org.springframework.boot.test.context.SpringBootTestArgs@1, org.springframework.boot.test.context.SpringBootTestWebEnvironment@60015ef5], resourceBasePath = 'src/main/webapp', contextLoader = 'org.springframework.boot.test.context.SpringBootContextLoader', parent = [null]], attributes = map['org.springframework.test.context.web.ServletTestExecutionListener.activateListener' -> true, 'org.springframework.test.context.web.ServletTestExecutionListener.populatedRequestContextHolder' -> true, 'org.springframework.test.context.web.ServletTestExecutionListener.resetRequestContextHolder' -> true, 'org.springframework.test.context.event.ApplicationEventsTestExecutionListener.recordApplicationEvents' -> false]]; transaction manager [org.springframework.orm.jpa.JpaTransactionManager@3677c508]; rollback [true]
Hibernate: 
    select
        member0_.member_id as member_i1_4_,
        member0_.city as city2_4_,
        member0_.street as street3_4_,
        member0_.zip_code as zip_code4_4_,
        member0_.name as name5_4_ 
    from
        member member0_ 
    where
        member0_.name=?
2023-07-06 15:02:39.956 TRACE 21130 --- [    Test worker] o.h.type.descriptor.sql.BasicBinder      : binding parameter [1] as [VARCHAR] - [lee]
2023-07-06 15:02:39.956  INFO 21130 --- [    Test worker] p6spy                                    : #1688623359956 | took 0ms | statement | connection 3| url jdbc:mysql://localhost:3306/jpaShop?characterEncoding=UTF-8&serverTimezone=UTC
select member0_.member_id as member_i1_4_, member0_.city as city2_4_, member0_.street as street3_4_, member0_.zip_code as zip_code4_4_, member0_.name as name5_4_ from member member0_ where member0_.name=?
select member0_.member_id as member_i1_4_, member0_.city as city2_4_, member0_.street as street3_4_, member0_.zip_code as zip_code4_4_, member0_.name as name5_4_ from member member0_ where member0_.name='lee';
Hibernate: 
    insert 
    into
        member
        (city, street, zip_code, name) 
    values
        (?, ?, ?, ?)
2023-07-06 15:02:39.957 TRACE 21130 --- [    Test worker] o.h.type.descriptor.sql.BasicBinder      : binding parameter [1] as [VARCHAR] - [null]
2023-07-06 15:02:39.957 TRACE 21130 --- [    Test worker] o.h.type.descriptor.sql.BasicBinder      : binding parameter [2] as [VARCHAR] - [null]
2023-07-06 15:02:39.957 TRACE 21130 --- [    Test worker] o.h.type.descriptor.sql.BasicBinder      : binding parameter [3] as [VARCHAR] - [null]
2023-07-06 15:02:39.957 TRACE 21130 --- [    Test worker] o.h.type.descriptor.sql.BasicBinder      : binding parameter [4] as [VARCHAR] - [lee]
2023-07-06 15:02:39.957  INFO 21130 --- [    Test worker] p6spy                                    : #1688623359957 | took 0ms | statement | connection 3| url jdbc:mysql://localhost:3306/jpaShop?characterEncoding=UTF-8&serverTimezone=UTC
insert into member (city, street, zip_code, name) values (?, ?, ?, ?)
insert into member (city, street, zip_code, name) values (NULL, NULL, NULL, 'lee');
2023-07-06 15:02:39.961  INFO 21130 --- [    Test worker] p6spy                                    : #1688623359961 | took 0ms | rollback | connection 3| url jdbc:mysql://localhost:3306/jpaShop?characterEncoding=UTF-8&serverTimezone=UTC

;
2023-07-06 15:02:39.962  INFO 21130 --- [    Test worker] o.s.t.c.transaction.TransactionContext   : Rolled back transaction for test: [DefaultTestContext@2dbf4cbd testClass = MemberServiceTest, testInstance = jpabook.jpashop.service.MemberServiceTest@6d3194ff, testMethod = 회원가입@MemberServiceTest, testException = [null], mergedContextConfiguration = [WebMergedContextConfiguration@20b5f2ac testClass = MemberServiceTest, locations = '{}', classes = '{class jpabook.jpashop.JpashopApplication}', contextInitializerClasses = '[]', activeProfiles = '{}', propertySourceLocations = '{}', propertySourceProperties = '{org.springframework.boot.test.context.SpringBootTestContextBootstrapper=true}', contextCustomizers = set[org.springframework.boot.test.autoconfigure.actuate.metrics.MetricsExportContextCustomizerFactory$DisableMetricExportContextCustomizer@3daf7722, org.springframework.boot.test.autoconfigure.properties.PropertyMappingContextCustomizer@0, org.springframework.boot.test.autoconfigure.web.servlet.WebDriverContextCustomizerFactory$Customizer@a4add54, org.springframework.boot.test.context.filter.ExcludeFilterContextCustomizer@61fe30, org.springframework.boot.test.json.DuplicateJsonObjectContextCustomizerFactory$DuplicateJsonObjectContextCustomizer@7b420819, org.springframework.boot.test.mock.mockito.MockitoContextCustomizer@0, org.springframework.boot.test.web.client.TestRestTemplateContextCustomizer@54e7df6a, org.springframework.boot.test.context.SpringBootTestArgs@1, org.springframework.boot.test.context.SpringBootTestWebEnvironment@60015ef5], resourceBasePath = 'src/main/webapp', contextLoader = 'org.springframework.boot.test.context.SpringBootContextLoader', parent = [null]], attributes = map['org.springframework.test.context.web.ServletTestExecutionListener.activateListener' -> true, 'org.springframework.test.context.web.ServletTestExecutionListener.populatedRequestContextHolder' -> true, 'org.springframework.test.context.web.ServletTestExecutionListener.resetRequestContextHolder' -> true, 'org.springframework.test.context.event.ApplicationEventsTestExecutionListener.recordApplicationEvents' -> false]]
]]></system-out>
  <system-err><![CDATA[]]></system-err>
</testsuite>
